{"__type":"$$EventMessageAudit","id":"94e0034a-efa7-4528-a36c-6a644df112b4","ts":"2026-01-24T08:11:56.398+00:00","eventName":"n8n.audit.workflow.updated","message":"n8n.audit.workflow.updated","payload":{"userId":"80e1b177-03f1-462a-817e-33cdf8f572a9","_email":"okobrosli2@gmail.com","_firstName":"Omar","_lastName":"Kobrosli","globalRole":"global:owner","workflowId":"j6Qk1T4zlUFiEved","workflowName":"Receive Messages"}}
{"__type":"$$EventMessageConfirm","confirm":"94e0034a-efa7-4528-a36c-6a644df112b4","ts":"2026-01-24T08:11:56.398+00:00","source":{"id":"0","name":"eventBus"}}
{"__type":"$$EventMessageAudit","id":"13eea05b-b94c-43a0-8d98-a967834c791e","ts":"2026-01-24T08:12:08.771+00:00","eventName":"n8n.audit.workflow.updated","message":"n8n.audit.workflow.updated","payload":{"userId":"80e1b177-03f1-462a-817e-33cdf8f572a9","_email":"okobrosli2@gmail.com","_firstName":"Omar","_lastName":"Kobrosli","globalRole":"global:owner","workflowId":"j6Qk1T4zlUFiEved","workflowName":"Receive Messages"}}
{"__type":"$$EventMessageConfirm","confirm":"13eea05b-b94c-43a0-8d98-a967834c791e","ts":"2026-01-24T08:12:08.771+00:00","source":{"id":"0","name":"eventBus"}}
{"__type":"$$EventMessageAudit","id":"fcb8bc89-80d6-470b-8aeb-b314267475d7","ts":"2026-01-24T08:14:58.271+00:00","eventName":"n8n.audit.workflow.archived","message":"n8n.audit.workflow.archived","payload":{"userId":"80e1b177-03f1-462a-817e-33cdf8f572a9","_email":"okobrosli2@gmail.com","_firstName":"Omar","_lastName":"Kobrosli","globalRole":"global:owner","workflowId":"QneOD5UcgNZfxCHt"}}
{"__type":"$$EventMessageConfirm","confirm":"fcb8bc89-80d6-470b-8aeb-b314267475d7","ts":"2026-01-24T08:14:58.271+00:00","source":{"id":"0","name":"eventBus"}}
{"__type":"$$EventMessageAudit","id":"38b488eb-6137-4fe5-9b98-b7bb9abcf16a","ts":"2026-01-24T08:15:12.042+00:00","eventName":"n8n.audit.workflow.archived","message":"n8n.audit.workflow.archived","payload":{"userId":"80e1b177-03f1-462a-817e-33cdf8f572a9","_email":"okobrosli2@gmail.com","_firstName":"Omar","_lastName":"Kobrosli","globalRole":"global:owner","workflowId":"Vcbhac3m20wcdZ13"}}
{"__type":"$$EventMessageConfirm","confirm":"38b488eb-6137-4fe5-9b98-b7bb9abcf16a","ts":"2026-01-24T08:15:12.042+00:00","source":{"id":"0","name":"eventBus"}}
{"__type":"$$EventMessageWorkflow","id":"e1d84f77-f57c-447d-b2e6-973e75fd6ef6","ts":"2026-01-24T08:17:58.089+00:00","eventName":"n8n.workflow.started","message":"n8n.workflow.started","payload":{"executionId":"14","workflowId":"j6Qk1T4zlUFiEved","isManual":false,"workflowName":"Receive Messages"}}
{"__type":"$$EventMessageConfirm","confirm":"e1d84f77-f57c-447d-b2e6-973e75fd6ef6","ts":"2026-01-24T08:17:58.089+00:00","source":{"id":"0","name":"eventBus"}}
{"__type":"$$EventMessageNode","id":"9c30db59-1521-4628-aa38-c55fd8097d46","ts":"2026-01-24T08:17:58.091+00:00","eventName":"n8n.node.started","message":"n8n.node.started","payload":{"workflowId":"j6Qk1T4zlUFiEved","workflowName":"Receive Messages","executionId":"14","nodeType":"n8n-nodes-base.scheduleTrigger","nodeName":"Schedule Trigger1","nodeId":"94bcdee0-e335-46d1-a3ce-59a1068b8f6a"}}
{"__type":"$$EventMessageConfirm","confirm":"9c30db59-1521-4628-aa38-c55fd8097d46","ts":"2026-01-24T08:17:58.091+00:00","source":{"id":"0","name":"eventBus"}}
{"__type":"$$EventMessageNode","id":"15cd0f60-44ed-43e3-9295-2bf113bdc932","ts":"2026-01-24T08:17:58.100+00:00","eventName":"n8n.node.finished","message":"n8n.node.finished","payload":{"workflowId":"j6Qk1T4zlUFiEved","workflowName":"Receive Messages","executionId":"14","nodeType":"n8n-nodes-base.scheduleTrigger","nodeName":"Schedule Trigger1","nodeId":"94bcdee0-e335-46d1-a3ce-59a1068b8f6a"}}
{"__type":"$$EventMessageConfirm","confirm":"15cd0f60-44ed-43e3-9295-2bf113bdc932","ts":"2026-01-24T08:17:58.100+00:00","source":{"id":"0","name":"eventBus"}}
{"__type":"$$EventMessageNode","id":"c7ae6f9c-eb8d-4699-9d42-16a3c035d55e","ts":"2026-01-24T08:17:58.101+00:00","eventName":"n8n.node.started","message":"n8n.node.started","payload":{"workflowId":"j6Qk1T4zlUFiEved","workflowName":"Receive Messages","executionId":"14","nodeType":"n8n-nodes-base.httpRequest","nodeName":"Get Unprocessed Messages","nodeId":"708a8f57-01f8-4a0b-bbcc-3cd42d39cb90"}}
{"__type":"$$EventMessageConfirm","confirm":"c7ae6f9c-eb8d-4699-9d42-16a3c035d55e","ts":"2026-01-24T08:17:58.102+00:00","source":{"id":"0","name":"eventBus"}}
{"__type":"$$EventMessageNode","id":"31cd336b-c88c-4b4a-812d-a88996a29f4b","ts":"2026-01-24T08:18:03.204+00:00","eventName":"n8n.node.finished","message":"n8n.node.finished","payload":{"workflowId":"j6Qk1T4zlUFiEved","workflowName":"Receive Messages","executionId":"14","nodeType":"n8n-nodes-base.httpRequest","nodeName":"Get Unprocessed Messages","nodeId":"708a8f57-01f8-4a0b-bbcc-3cd42d39cb90"}}
{"__type":"$$EventMessageConfirm","confirm":"31cd336b-c88c-4b4a-812d-a88996a29f4b","ts":"2026-01-24T08:18:03.204+00:00","source":{"id":"0","name":"eventBus"}}
{"__type":"$$EventMessageNode","id":"9d080091-b139-4932-8def-399f30e999f2","ts":"2026-01-24T08:18:03.206+00:00","eventName":"n8n.node.started","message":"n8n.node.started","payload":{"workflowId":"j6Qk1T4zlUFiEved","workflowName":"Receive Messages","executionId":"14","nodeType":"n8n-nodes-base.splitOut","nodeName":"Split Out1","nodeId":"62f90cc8-f2a9-402f-990b-a3df740db71d"}}
{"__type":"$$EventMessageConfirm","confirm":"9d080091-b139-4932-8def-399f30e999f2","ts":"2026-01-24T08:18:03.206+00:00","source":{"id":"0","name":"eventBus"}}
{"__type":"$$EventMessageNode","id":"e678fad4-7aed-490e-93bd-ba7edab43873","ts":"2026-01-24T08:18:03.208+00:00","eventName":"n8n.node.finished","message":"n8n.node.finished","payload":{"workflowId":"j6Qk1T4zlUFiEved","workflowName":"Receive Messages","executionId":"14","nodeType":"n8n-nodes-base.splitOut","nodeName":"Split Out1","nodeId":"62f90cc8-f2a9-402f-990b-a3df740db71d"}}
{"__type":"$$EventMessageConfirm","confirm":"e678fad4-7aed-490e-93bd-ba7edab43873","ts":"2026-01-24T08:18:03.209+00:00","source":{"id":"0","name":"eventBus"}}
{"__type":"$$EventMessageWorkflow","id":"d364755d-7db1-4d4e-b029-0dca2675cd02","ts":"2026-01-24T08:18:03.212+00:00","eventName":"n8n.workflow.success","message":"n8n.workflow.success","payload":{"userId":"80e1b177-03f1-462a-817e-33cdf8f572a9","executionId":"14","success":true,"isManual":true,"workflowId":"j6Qk1T4zlUFiEved","workflowName":"Receive Messages"}}
{"__type":"$$EventMessageConfirm","confirm":"d364755d-7db1-4d4e-b029-0dca2675cd02","ts":"2026-01-24T08:18:03.212+00:00","source":{"id":"0","name":"eventBus"}}
{"__type":"$$EventMessageWorkflow","id":"496be6ab-1e6a-4481-91f6-cfda5e890150","ts":"2026-01-24T08:19:07.744+00:00","eventName":"n8n.workflow.started","message":"n8n.workflow.started","payload":{"executionId":"15","workflowId":"j6Qk1T4zlUFiEved","isManual":false,"workflowName":"Receive Messages"}}
{"__type":"$$EventMessageConfirm","confirm":"496be6ab-1e6a-4481-91f6-cfda5e890150","ts":"2026-01-24T08:19:07.745+00:00","source":{"id":"0","name":"eventBus"}}
{"__type":"$$EventMessageWorkflow","id":"87702832-0ba4-49f0-860b-d372a8732710","ts":"2026-01-24T08:19:07.753+00:00","eventName":"n8n.workflow.success","message":"n8n.workflow.success","payload":{"userId":"80e1b177-03f1-462a-817e-33cdf8f572a9","executionId":"15","success":true,"isManual":true,"workflowId":"j6Qk1T4zlUFiEved","workflowName":"Receive Messages"}}
{"__type":"$$EventMessageConfirm","confirm":"87702832-0ba4-49f0-860b-d372a8732710","ts":"2026-01-24T08:19:07.753+00:00","source":{"id":"0","name":"eventBus"}}
{"__type":"$$EventMessageAudit","id":"e798870b-ba31-4d43-8fb0-f4bbb120e6ba","ts":"2026-01-24T08:19:25.090+00:00","eventName":"n8n.audit.workflow.updated","message":"n8n.audit.workflow.updated","payload":{"userId":"80e1b177-03f1-462a-817e-33cdf8f572a9","_email":"okobrosli2@gmail.com","_firstName":"Omar","_lastName":"Kobrosli","globalRole":"global:owner","workflowId":"j6Qk1T4zlUFiEved","workflowName":"Receive Messages"}}
{"__type":"$$EventMessageConfirm","confirm":"e798870b-ba31-4d43-8fb0-f4bbb120e6ba","ts":"2026-01-24T08:19:25.090+00:00","source":{"id":"0","name":"eventBus"}}
{"__type":"$$EventMessageWorkflow","id":"7f947c44-9542-4ad1-bcba-0728448c22ad","ts":"2026-01-24T08:20:14.825+00:00","eventName":"n8n.workflow.started","message":"n8n.workflow.started","payload":{"executionId":"16","workflowId":"j6Qk1T4zlUFiEved","isManual":false,"workflowName":"Receive Messages"}}
{"__type":"$$EventMessageConfirm","confirm":"7f947c44-9542-4ad1-bcba-0728448c22ad","ts":"2026-01-24T08:20:14.825+00:00","source":{"id":"0","name":"eventBus"}}
{"__type":"$$EventMessageNode","id":"408d574c-bfbf-446b-b572-078f6ad94b83","ts":"2026-01-24T08:20:14.826+00:00","eventName":"n8n.node.started","message":"n8n.node.started","payload":{"workflowId":"j6Qk1T4zlUFiEved","workflowName":"Receive Messages","executionId":"16","nodeType":"n8n-nodes-base.scheduleTrigger","nodeName":"Schedule Trigger","nodeId":"6fbaa2b2-f353-457c-8357-1a6c19553a23"}}
{"__type":"$$EventMessageConfirm","confirm":"408d574c-bfbf-446b-b572-078f6ad94b83","ts":"2026-01-24T08:20:14.826+00:00","source":{"id":"0","name":"eventBus"}}
{"__type":"$$EventMessageNode","id":"317456bf-1f91-488c-a42a-846840973601","ts":"2026-01-24T08:20:14.826+00:00","eventName":"n8n.node.finished","message":"n8n.node.finished","payload":{"workflowId":"j6Qk1T4zlUFiEved","workflowName":"Receive Messages","executionId":"16","nodeType":"n8n-nodes-base.scheduleTrigger","nodeName":"Schedule Trigger","nodeId":"6fbaa2b2-f353-457c-8357-1a6c19553a23"}}
{"__type":"$$EventMessageConfirm","confirm":"317456bf-1f91-488c-a42a-846840973601","ts":"2026-01-24T08:20:14.826+00:00","source":{"id":"0","name":"eventBus"}}
{"__type":"$$EventMessageNode","id":"5674d65d-ce48-4e1e-a1c2-7e8d3c01720a","ts":"2026-01-24T08:20:14.827+00:00","eventName":"n8n.node.started","message":"n8n.node.started","payload":{"workflowId":"j6Qk1T4zlUFiEved","workflowName":"Receive Messages","executionId":"16","nodeType":"n8n-nodes-base.httpRequest","nodeName":"Get Active Users","nodeId":"d2ff4145-dc9f-4aa5-b8fd-8563f9f4bf99"}}
{"__type":"$$EventMessageConfirm","confirm":"5674d65d-ce48-4e1e-a1c2-7e8d3c01720a","ts":"2026-01-24T08:20:14.827+00:00","source":{"id":"0","name":"eventBus"}}
{"__type":"$$EventMessageNode","id":"57e017f8-4ec4-49e6-b3bb-665d6884d76b","ts":"2026-01-24T08:20:22.757+00:00","eventName":"n8n.node.finished","message":"n8n.node.finished","payload":{"workflowId":"j6Qk1T4zlUFiEved","workflowName":"Receive Messages","executionId":"16","nodeType":"n8n-nodes-base.httpRequest","nodeName":"Get Active Users","nodeId":"d2ff4145-dc9f-4aa5-b8fd-8563f9f4bf99"}}
{"__type":"$$EventMessageConfirm","confirm":"57e017f8-4ec4-49e6-b3bb-665d6884d76b","ts":"2026-01-24T08:20:22.757+00:00","source":{"id":"0","name":"eventBus"}}
{"__type":"$$EventMessageNode","id":"0ccdf1ee-c143-4ce3-a520-9b98f68137ca","ts":"2026-01-24T08:20:22.758+00:00","eventName":"n8n.node.started","message":"n8n.node.started","payload":{"workflowId":"j6Qk1T4zlUFiEved","workflowName":"Receive Messages","executionId":"16","nodeType":"n8n-nodes-base.splitOut","nodeName":"Split Out","nodeId":"75076c82-3d74-4b97-b1a6-bcf6cfaea5ac"}}
{"__type":"$$EventMessageConfirm","confirm":"0ccdf1ee-c143-4ce3-a520-9b98f68137ca","ts":"2026-01-24T08:20:22.758+00:00","source":{"id":"0","name":"eventBus"}}
{"__type":"$$EventMessageNode","id":"19f8a0a9-e70b-49c8-828c-fce8e0b76f5f","ts":"2026-01-24T08:20:22.758+00:00","eventName":"n8n.node.finished","message":"n8n.node.finished","payload":{"workflowId":"j6Qk1T4zlUFiEved","workflowName":"Receive Messages","executionId":"16","nodeType":"n8n-nodes-base.splitOut","nodeName":"Split Out","nodeId":"75076c82-3d74-4b97-b1a6-bcf6cfaea5ac"}}
{"__type":"$$EventMessageConfirm","confirm":"19f8a0a9-e70b-49c8-828c-fce8e0b76f5f","ts":"2026-01-24T08:20:22.759+00:00","source":{"id":"0","name":"eventBus"}}
{"__type":"$$EventMessageNode","id":"39b6739e-cce7-4010-ae66-4abbd40ef5d4","ts":"2026-01-24T08:20:22.760+00:00","eventName":"n8n.node.started","message":"n8n.node.started","payload":{"workflowId":"j6Qk1T4zlUFiEved","workflowName":"Receive Messages","executionId":"16","nodeType":"n8n-nodes-base.splitInBatches","nodeName":"Loop Over Users","nodeId":"8a47a921-409b-4f92-8cd2-5efc68b30c39"}}
{"__type":"$$EventMessageConfirm","confirm":"39b6739e-cce7-4010-ae66-4abbd40ef5d4","ts":"2026-01-24T08:20:22.760+00:00","source":{"id":"0","name":"eventBus"}}
{"__type":"$$EventMessageNode","id":"c5fe6572-014d-43ca-a5f4-042ac1658e41","ts":"2026-01-24T08:20:22.761+00:00","eventName":"n8n.node.finished","message":"n8n.node.finished","payload":{"workflowId":"j6Qk1T4zlUFiEved","workflowName":"Receive Messages","executionId":"16","nodeType":"n8n-nodes-base.splitInBatches","nodeName":"Loop Over Users","nodeId":"8a47a921-409b-4f92-8cd2-5efc68b30c39"}}
{"__type":"$$EventMessageConfirm","confirm":"c5fe6572-014d-43ca-a5f4-042ac1658e41","ts":"2026-01-24T08:20:22.761+00:00","source":{"id":"0","name":"eventBus"}}
{"__type":"$$EventMessageNode","id":"de5531ac-89b4-4af5-9fff-20f52d999473","ts":"2026-01-24T08:20:22.761+00:00","eventName":"n8n.node.started","message":"n8n.node.started","payload":{"workflowId":"j6Qk1T4zlUFiEved","workflowName":"Receive Messages","executionId":"16","nodeType":"n8n-nodes-base.httpRequest","nodeName":"Sync Calendar","nodeId":"23d53504-ec00-4d1c-b306-dec14a933bdc"}}
{"__type":"$$EventMessageConfirm","confirm":"de5531ac-89b4-4af5-9fff-20f52d999473","ts":"2026-01-24T08:20:22.761+00:00","source":{"id":"0","name":"eventBus"}}
{"__type":"$$EventMessageNode","id":"21cb4fbd-cadc-47d3-9a61-700c633e60e7","ts":"2026-01-24T03:20:26.469-05:00","eventName":"n8n.node.finished","message":"n8n.node.finished","payload":{"workflowId":"j6Qk1T4zlUFiEved","workflowName":"Receive Messages","executionId":"16","nodeType":"n8n-nodes-base.httpRequest","nodeName":"Sync Calendar","nodeId":"23d53504-ec00-4d1c-b306-dec14a933bdc"}}
{"__type":"$$EventMessageConfirm","confirm":"21cb4fbd-cadc-47d3-9a61-700c633e60e7","ts":"2026-01-24T03:20:26.469-05:00","source":{"id":"0","name":"eventBus"}}
{"__type":"$$EventMessageNode","id":"0754c628-b252-4a5c-9e19-05a2b5ce6482","ts":"2026-01-24T03:20:26.470-05:00","eventName":"n8n.node.started","message":"n8n.node.started","payload":{"workflowId":"j6Qk1T4zlUFiEved","workflowName":"Receive Messages","executionId":"16","nodeType":"n8n-nodes-base.httpRequest","nodeName":"Sync Slack","nodeId":"09cf3d1a-e492-4db2-9b05-a06837120a22"}}
{"__type":"$$EventMessageConfirm","confirm":"0754c628-b252-4a5c-9e19-05a2b5ce6482","ts":"2026-01-24T03:20:26.470-05:00","source":{"id":"0","name":"eventBus"}}
{"__type":"$$EventMessageNode","id":"de0c2714-4208-4616-9f86-cf7b8a0b6842","ts":"2026-01-24T03:20:33.011-05:00","eventName":"n8n.node.finished","message":"n8n.node.finished","payload":{"workflowId":"j6Qk1T4zlUFiEved","workflowName":"Receive Messages","executionId":"16","nodeType":"n8n-nodes-base.httpRequest","nodeName":"Sync Slack","nodeId":"09cf3d1a-e492-4db2-9b05-a06837120a22"}}
{"__type":"$$EventMessageConfirm","confirm":"de0c2714-4208-4616-9f86-cf7b8a0b6842","ts":"2026-01-24T03:20:33.012-05:00","source":{"id":"0","name":"eventBus"}}
{"__type":"$$EventMessageNode","id":"2dc19cd8-d263-4a58-bdd5-954a7668c7ee","ts":"2026-01-24T03:20:33.012-05:00","eventName":"n8n.node.started","message":"n8n.node.started","payload":{"workflowId":"j6Qk1T4zlUFiEved","workflowName":"Receive Messages","executionId":"16","nodeType":"n8n-nodes-base.httpRequest","nodeName":"Sync Gmail","nodeId":"30152bcb-99d4-4e47-82d2-78438f89b7b9"}}
{"__type":"$$EventMessageConfirm","confirm":"2dc19cd8-d263-4a58-bdd5-954a7668c7ee","ts":"2026-01-24T03:20:33.012-05:00","source":{"id":"0","name":"eventBus"}}
{"__type":"$$EventMessageNode","id":"6869598c-69ad-4d96-a3bb-db14b776b114","ts":"2026-01-24T03:20:34.118-05:00","eventName":"n8n.node.finished","message":"n8n.node.finished","payload":{"workflowId":"j6Qk1T4zlUFiEved","workflowName":"Receive Messages","executionId":"16","nodeType":"n8n-nodes-base.httpRequest","nodeName":"Sync Gmail","nodeId":"30152bcb-99d4-4e47-82d2-78438f89b7b9"}}
{"__type":"$$EventMessageConfirm","confirm":"6869598c-69ad-4d96-a3bb-db14b776b114","ts":"2026-01-24T03:20:34.118-05:00","source":{"id":"0","name":"eventBus"}}
{"__type":"$$EventMessageNode","id":"4db05aa6-44c5-472f-9ed7-16d7630e7a85","ts":"2026-01-24T03:20:34.118-05:00","eventName":"n8n.node.started","message":"n8n.node.started","payload":{"workflowId":"j6Qk1T4zlUFiEved","workflowName":"Receive Messages","executionId":"16","nodeType":"n8n-nodes-base.httpRequest","nodeName":"Sync Github","nodeId":"0ac9e90c-3d97-4893-8b89-55766383329a"}}
{"__type":"$$EventMessageConfirm","confirm":"4db05aa6-44c5-472f-9ed7-16d7630e7a85","ts":"2026-01-24T03:20:34.118-05:00","source":{"id":"0","name":"eventBus"}}
{"__type":"$$EventMessageNode","id":"84da4abe-cad3-4966-adff-b28375d18727","ts":"2026-01-24T03:20:34.789-05:00","eventName":"n8n.node.finished","message":"n8n.node.finished","payload":{"workflowId":"j6Qk1T4zlUFiEved","workflowName":"Receive Messages","executionId":"16","nodeType":"n8n-nodes-base.httpRequest","nodeName":"Sync Github","nodeId":"0ac9e90c-3d97-4893-8b89-55766383329a"}}
{"__type":"$$EventMessageConfirm","confirm":"84da4abe-cad3-4966-adff-b28375d18727","ts":"2026-01-24T03:20:34.789-05:00","source":{"id":"0","name":"eventBus"}}
{"__type":"$$EventMessageNode","id":"993ebc1f-a507-4553-b5f5-d687bc41e697","ts":"2026-01-24T03:20:34.790-05:00","eventName":"n8n.node.started","message":"n8n.node.started","payload":{"workflowId":"j6Qk1T4zlUFiEved","workflowName":"Receive Messages","executionId":"16","nodeType":"n8n-nodes-base.splitInBatches","nodeName":"Loop Over Users","nodeId":"8a47a921-409b-4f92-8cd2-5efc68b30c39"}}
{"__type":"$$EventMessageConfirm","confirm":"993ebc1f-a507-4553-b5f5-d687bc41e697","ts":"2026-01-24T03:20:34.790-05:00","source":{"id":"0","name":"eventBus"}}
{"__type":"$$EventMessageNode","id":"010b0642-cb4c-4aa0-9b0c-74f04cb4a63d","ts":"2026-01-24T03:20:34.790-05:00","eventName":"n8n.node.finished","message":"n8n.node.finished","payload":{"workflowId":"j6Qk1T4zlUFiEved","workflowName":"Receive Messages","executionId":"16","nodeType":"n8n-nodes-base.splitInBatches","nodeName":"Loop Over Users","nodeId":"8a47a921-409b-4f92-8cd2-5efc68b30c39"}}
{"__type":"$$EventMessageConfirm","confirm":"010b0642-cb4c-4aa0-9b0c-74f04cb4a63d","ts":"2026-01-24T03:20:34.790-05:00","source":{"id":"0","name":"eventBus"}}
{"__type":"$$EventMessageWorkflow","id":"662e05dd-aa87-4567-99a9-d927ccccc706","ts":"2026-01-24T03:20:34.790-05:00","eventName":"n8n.workflow.success","message":"n8n.workflow.success","payload":{"executionId":"16","success":true,"isManual":false,"workflowId":"j6Qk1T4zlUFiEved","workflowName":"Receive Messages"}}
{"__type":"$$EventMessageConfirm","confirm":"662e05dd-aa87-4567-99a9-d927ccccc706","ts":"2026-01-24T03:20:34.790-05:00","source":{"id":"0","name":"eventBus"}}
{"__type":"$$EventMessageWorkflow","id":"41737697-9db2-4045-a827-a041f31d68cb","ts":"2026-01-24T03:20:46.271-05:00","eventName":"n8n.workflow.started","message":"n8n.workflow.started","payload":{"executionId":"17","workflowId":"j6Qk1T4zlUFiEved","isManual":false,"workflowName":"Receive Messages"}}
{"__type":"$$EventMessageConfirm","confirm":"41737697-9db2-4045-a827-a041f31d68cb","ts":"2026-01-24T03:20:46.272-05:00","source":{"id":"0","name":"eventBus"}}
{"__type":"$$EventMessageNode","id":"bdcd7201-74bb-4718-b949-6296372d0ec8","ts":"2026-01-24T03:20:46.272-05:00","eventName":"n8n.node.started","message":"n8n.node.started","payload":{"workflowId":"j6Qk1T4zlUFiEved","workflowName":"Receive Messages","executionId":"17","nodeType":"n8n-nodes-base.scheduleTrigger","nodeName":"Schedule Trigger1","nodeId":"94bcdee0-e335-46d1-a3ce-59a1068b8f6a"}}
{"__type":"$$EventMessageConfirm","confirm":"bdcd7201-74bb-4718-b949-6296372d0ec8","ts":"2026-01-24T03:20:46.272-05:00","source":{"id":"0","name":"eventBus"}}
{"__type":"$$EventMessageNode","id":"86ce40a3-ff12-4177-bf61-021a748c3240","ts":"2026-01-24T03:20:46.272-05:00","eventName":"n8n.node.finished","message":"n8n.node.finished","payload":{"workflowId":"j6Qk1T4zlUFiEved","workflowName":"Receive Messages","executionId":"17","nodeType":"n8n-nodes-base.scheduleTrigger","nodeName":"Schedule Trigger1","nodeId":"94bcdee0-e335-46d1-a3ce-59a1068b8f6a"}}
{"__type":"$$EventMessageConfirm","confirm":"86ce40a3-ff12-4177-bf61-021a748c3240","ts":"2026-01-24T03:20:46.272-05:00","source":{"id":"0","name":"eventBus"}}
{"__type":"$$EventMessageNode","id":"e9860ddf-f9f3-4613-8293-c5fd74bd1034","ts":"2026-01-24T03:20:46.272-05:00","eventName":"n8n.node.started","message":"n8n.node.started","payload":{"workflowId":"j6Qk1T4zlUFiEved","workflowName":"Receive Messages","executionId":"17","nodeType":"n8n-nodes-base.httpRequest","nodeName":"Get Unprocessed Messages","nodeId":"708a8f57-01f8-4a0b-bbcc-3cd42d39cb90"}}
{"__type":"$$EventMessageConfirm","confirm":"e9860ddf-f9f3-4613-8293-c5fd74bd1034","ts":"2026-01-24T03:20:46.272-05:00","source":{"id":"0","name":"eventBus"}}
{"__type":"$$EventMessageNode","id":"dbc78f92-3083-45f6-9025-66a8f75974a8","ts":"2026-01-24T03:20:47.230-05:00","eventName":"n8n.node.finished","message":"n8n.node.finished","payload":{"workflowId":"j6Qk1T4zlUFiEved","workflowName":"Receive Messages","executionId":"17","nodeType":"n8n-nodes-base.httpRequest","nodeName":"Get Unprocessed Messages","nodeId":"708a8f57-01f8-4a0b-bbcc-3cd42d39cb90"}}
{"__type":"$$EventMessageConfirm","confirm":"dbc78f92-3083-45f6-9025-66a8f75974a8","ts":"2026-01-24T03:20:47.230-05:00","source":{"id":"0","name":"eventBus"}}
{"__type":"$$EventMessageNode","id":"a537871d-a2eb-461a-b544-2862a1f8b80d","ts":"2026-01-24T03:20:47.230-05:00","eventName":"n8n.node.started","message":"n8n.node.started","payload":{"workflowId":"j6Qk1T4zlUFiEved","workflowName":"Receive Messages","executionId":"17","nodeType":"n8n-nodes-base.splitOut","nodeName":"Split Out1","nodeId":"62f90cc8-f2a9-402f-990b-a3df740db71d"}}
{"__type":"$$EventMessageConfirm","confirm":"a537871d-a2eb-461a-b544-2862a1f8b80d","ts":"2026-01-24T03:20:47.231-05:00","source":{"id":"0","name":"eventBus"}}
{"__type":"$$EventMessageNode","id":"4c3b97fd-1127-471a-84ee-d174f38dae45","ts":"2026-01-24T03:20:47.231-05:00","eventName":"n8n.node.finished","message":"n8n.node.finished","payload":{"workflowId":"j6Qk1T4zlUFiEved","workflowName":"Receive Messages","executionId":"17","nodeType":"n8n-nodes-base.splitOut","nodeName":"Split Out1","nodeId":"62f90cc8-f2a9-402f-990b-a3df740db71d"}}
{"__type":"$$EventMessageConfirm","confirm":"4c3b97fd-1127-471a-84ee-d174f38dae45","ts":"2026-01-24T03:20:47.231-05:00","source":{"id":"0","name":"eventBus"}}
{"__type":"$$EventMessageWorkflow","id":"8427b250-efe1-4f87-8135-9a1cdda09630","ts":"2026-01-24T03:20:47.231-05:00","eventName":"n8n.workflow.success","message":"n8n.workflow.success","payload":{"executionId":"17","success":true,"isManual":false,"workflowId":"j6Qk1T4zlUFiEved","workflowName":"Receive Messages"}}
{"__type":"$$EventMessageConfirm","confirm":"8427b250-efe1-4f87-8135-9a1cdda09630","ts":"2026-01-24T03:20:47.231-05:00","source":{"id":"0","name":"eventBus"}}
{"__type":"$$EventMessageWorkflow","id":"cb398a92-a33b-43f9-a3e3-75d663f40854","ts":"2026-01-24T03:30:13.403-05:00","eventName":"n8n.workflow.started","message":"n8n.workflow.started","payload":{"executionId":"18","workflowId":"j6Qk1T4zlUFiEved","isManual":false,"workflowName":"Receive Messages"}}
{"__type":"$$EventMessageConfirm","confirm":"cb398a92-a33b-43f9-a3e3-75d663f40854","ts":"2026-01-24T03:30:13.403-05:00","source":{"id":"0","name":"eventBus"}}
{"__type":"$$EventMessageNode","id":"58a49f4b-57d5-439d-a527-fb5435211f3b","ts":"2026-01-24T03:30:13.403-05:00","eventName":"n8n.node.started","message":"n8n.node.started","payload":{"workflowId":"j6Qk1T4zlUFiEved","workflowName":"Receive Messages","executionId":"18","nodeType":"n8n-nodes-base.scheduleTrigger","nodeName":"Schedule Trigger","nodeId":"6fbaa2b2-f353-457c-8357-1a6c19553a23"}}
{"__type":"$$EventMessageConfirm","confirm":"58a49f4b-57d5-439d-a527-fb5435211f3b","ts":"2026-01-24T03:30:13.403-05:00","source":{"id":"0","name":"eventBus"}}
{"__type":"$$EventMessageNode","id":"2227148b-9a0b-40e2-ac0e-b2af89e9d7f1","ts":"2026-01-24T03:30:13.404-05:00","eventName":"n8n.node.finished","message":"n8n.node.finished","payload":{"workflowId":"j6Qk1T4zlUFiEved","workflowName":"Receive Messages","executionId":"18","nodeType":"n8n-nodes-base.scheduleTrigger","nodeName":"Schedule Trigger","nodeId":"6fbaa2b2-f353-457c-8357-1a6c19553a23"}}
{"__type":"$$EventMessageConfirm","confirm":"2227148b-9a0b-40e2-ac0e-b2af89e9d7f1","ts":"2026-01-24T03:30:13.404-05:00","source":{"id":"0","name":"eventBus"}}
{"__type":"$$EventMessageNode","id":"b1e4eef0-7447-4d4b-b90a-f2044521bd62","ts":"2026-01-24T03:30:13.404-05:00","eventName":"n8n.node.started","message":"n8n.node.started","payload":{"workflowId":"j6Qk1T4zlUFiEved","workflowName":"Receive Messages","executionId":"18","nodeType":"n8n-nodes-base.httpRequest","nodeName":"Get Active Users","nodeId":"d2ff4145-dc9f-4aa5-b8fd-8563f9f4bf99"}}
{"__type":"$$EventMessageConfirm","confirm":"b1e4eef0-7447-4d4b-b90a-f2044521bd62","ts":"2026-01-24T03:30:13.404-05:00","source":{"id":"0","name":"eventBus"}}
{"__type":"$$EventMessageNode","id":"3412717e-c316-4559-bce5-2529a17bc388","ts":"2026-01-24T03:30:14.449-05:00","eventName":"n8n.node.finished","message":"n8n.node.finished","payload":{"workflowId":"j6Qk1T4zlUFiEved","workflowName":"Receive Messages","executionId":"18","nodeType":"n8n-nodes-base.httpRequest","nodeName":"Get Active Users","nodeId":"d2ff4145-dc9f-4aa5-b8fd-8563f9f4bf99"}}
{"__type":"$$EventMessageConfirm","confirm":"3412717e-c316-4559-bce5-2529a17bc388","ts":"2026-01-24T03:30:14.449-05:00","source":{"id":"0","name":"eventBus"}}
{"__type":"$$EventMessageNode","id":"454e3495-80c7-476a-887f-5bd6b453c59d","ts":"2026-01-24T03:30:14.449-05:00","eventName":"n8n.node.started","message":"n8n.node.started","payload":{"workflowId":"j6Qk1T4zlUFiEved","workflowName":"Receive Messages","executionId":"18","nodeType":"n8n-nodes-base.splitOut","nodeName":"Split Out","nodeId":"75076c82-3d74-4b97-b1a6-bcf6cfaea5ac"}}
{"__type":"$$EventMessageConfirm","confirm":"454e3495-80c7-476a-887f-5bd6b453c59d","ts":"2026-01-24T03:30:14.449-05:00","source":{"id":"0","name":"eventBus"}}
{"__type":"$$EventMessageNode","id":"2f7ed3f1-497c-4bf5-b181-3158a9900585","ts":"2026-01-24T03:30:14.449-05:00","eventName":"n8n.node.finished","message":"n8n.node.finished","payload":{"workflowId":"j6Qk1T4zlUFiEved","workflowName":"Receive Messages","executionId":"18","nodeType":"n8n-nodes-base.splitOut","nodeName":"Split Out","nodeId":"75076c82-3d74-4b97-b1a6-bcf6cfaea5ac"}}
{"__type":"$$EventMessageConfirm","confirm":"2f7ed3f1-497c-4bf5-b181-3158a9900585","ts":"2026-01-24T03:30:14.449-05:00","source":{"id":"0","name":"eventBus"}}
{"__type":"$$EventMessageNode","id":"5db40c5b-ac49-4dfc-933a-6d7e2392972c","ts":"2026-01-24T03:30:14.449-05:00","eventName":"n8n.node.started","message":"n8n.node.started","payload":{"workflowId":"j6Qk1T4zlUFiEved","workflowName":"Receive Messages","executionId":"18","nodeType":"n8n-nodes-base.splitInBatches","nodeName":"Loop Over Users","nodeId":"8a47a921-409b-4f92-8cd2-5efc68b30c39"}}
{"__type":"$$EventMessageConfirm","confirm":"5db40c5b-ac49-4dfc-933a-6d7e2392972c","ts":"2026-01-24T03:30:14.449-05:00","source":{"id":"0","name":"eventBus"}}
{"__type":"$$EventMessageNode","id":"7a13a873-7ed8-4c24-9067-63d712cc39ba","ts":"2026-01-24T03:30:14.450-05:00","eventName":"n8n.node.finished","message":"n8n.node.finished","payload":{"workflowId":"j6Qk1T4zlUFiEved","workflowName":"Receive Messages","executionId":"18","nodeType":"n8n-nodes-base.splitInBatches","nodeName":"Loop Over Users","nodeId":"8a47a921-409b-4f92-8cd2-5efc68b30c39"}}
{"__type":"$$EventMessageConfirm","confirm":"7a13a873-7ed8-4c24-9067-63d712cc39ba","ts":"2026-01-24T03:30:14.450-05:00","source":{"id":"0","name":"eventBus"}}
{"__type":"$$EventMessageNode","id":"9d74ecaa-4bb5-4bbf-967d-1b580723eb2a","ts":"2026-01-24T03:30:14.450-05:00","eventName":"n8n.node.started","message":"n8n.node.started","payload":{"workflowId":"j6Qk1T4zlUFiEved","workflowName":"Receive Messages","executionId":"18","nodeType":"n8n-nodes-base.httpRequest","nodeName":"Sync Calendar","nodeId":"23d53504-ec00-4d1c-b306-dec14a933bdc"}}
{"__type":"$$EventMessageConfirm","confirm":"9d74ecaa-4bb5-4bbf-967d-1b580723eb2a","ts":"2026-01-24T03:30:14.450-05:00","source":{"id":"0","name":"eventBus"}}
{"__type":"$$EventMessageNode","id":"ca4f62e4-cd78-4b21-bf9b-6d649f19c54d","ts":"2026-01-24T03:30:15.156-05:00","eventName":"n8n.node.finished","message":"n8n.node.finished","payload":{"workflowId":"j6Qk1T4zlUFiEved","workflowName":"Receive Messages","executionId":"18","nodeType":"n8n-nodes-base.httpRequest","nodeName":"Sync Calendar","nodeId":"23d53504-ec00-4d1c-b306-dec14a933bdc"}}
{"__type":"$$EventMessageConfirm","confirm":"ca4f62e4-cd78-4b21-bf9b-6d649f19c54d","ts":"2026-01-24T03:30:15.156-05:00","source":{"id":"0","name":"eventBus"}}
{"__type":"$$EventMessageNode","id":"e9d81635-eab9-4661-ad5d-c9ccad6f4c97","ts":"2026-01-24T03:30:15.157-05:00","eventName":"n8n.node.started","message":"n8n.node.started","payload":{"workflowId":"j6Qk1T4zlUFiEved","workflowName":"Receive Messages","executionId":"18","nodeType":"n8n-nodes-base.httpRequest","nodeName":"Sync Slack","nodeId":"09cf3d1a-e492-4db2-9b05-a06837120a22"}}
{"__type":"$$EventMessageConfirm","confirm":"e9d81635-eab9-4661-ad5d-c9ccad6f4c97","ts":"2026-01-24T03:30:15.157-05:00","source":{"id":"0","name":"eventBus"}}
{"__type":"$$EventMessageNode","id":"23ef847b-443a-4eb9-9d64-0b66738f5087","ts":"2026-01-24T03:30:15.866-05:00","eventName":"n8n.node.finished","message":"n8n.node.finished","payload":{"workflowId":"j6Qk1T4zlUFiEved","workflowName":"Receive Messages","executionId":"18","nodeType":"n8n-nodes-base.httpRequest","nodeName":"Sync Slack","nodeId":"09cf3d1a-e492-4db2-9b05-a06837120a22"}}
{"__type":"$$EventMessageConfirm","confirm":"23ef847b-443a-4eb9-9d64-0b66738f5087","ts":"2026-01-24T03:30:15.867-05:00","source":{"id":"0","name":"eventBus"}}
{"__type":"$$EventMessageNode","id":"6240a269-da6b-4eb9-87f6-6b6bfebb5019","ts":"2026-01-24T03:30:15.867-05:00","eventName":"n8n.node.started","message":"n8n.node.started","payload":{"workflowId":"j6Qk1T4zlUFiEved","workflowName":"Receive Messages","executionId":"18","nodeType":"n8n-nodes-base.httpRequest","nodeName":"Sync Gmail","nodeId":"30152bcb-99d4-4e47-82d2-78438f89b7b9"}}
{"__type":"$$EventMessageConfirm","confirm":"6240a269-da6b-4eb9-87f6-6b6bfebb5019","ts":"2026-01-24T03:30:15.867-05:00","source":{"id":"0","name":"eventBus"}}
{"__type":"$$EventMessageNode","id":"bdd321c6-d92a-43e1-a986-b6f24e340dbf","ts":"2026-01-24T03:30:16.577-05:00","eventName":"n8n.node.finished","message":"n8n.node.finished","payload":{"workflowId":"j6Qk1T4zlUFiEved","workflowName":"Receive Messages","executionId":"18","nodeType":"n8n-nodes-base.httpRequest","nodeName":"Sync Gmail","nodeId":"30152bcb-99d4-4e47-82d2-78438f89b7b9"}}
{"__type":"$$EventMessageConfirm","confirm":"bdd321c6-d92a-43e1-a986-b6f24e340dbf","ts":"2026-01-24T03:30:16.577-05:00","source":{"id":"0","name":"eventBus"}}
{"__type":"$$EventMessageNode","id":"5b249ef1-95c5-4b01-89c8-9a59e34365e4","ts":"2026-01-24T03:30:16.577-05:00","eventName":"n8n.node.started","message":"n8n.node.started","payload":{"workflowId":"j6Qk1T4zlUFiEved","workflowName":"Receive Messages","executionId":"18","nodeType":"n8n-nodes-base.httpRequest","nodeName":"Sync Github","nodeId":"0ac9e90c-3d97-4893-8b89-55766383329a"}}
{"__type":"$$EventMessageConfirm","confirm":"5b249ef1-95c5-4b01-89c8-9a59e34365e4","ts":"2026-01-24T03:30:16.577-05:00","source":{"id":"0","name":"eventBus"}}
{"__type":"$$EventMessageNode","id":"f956cf67-84e5-47bb-80d5-d0498faae296","ts":"2026-01-24T03:30:17.254-05:00","eventName":"n8n.node.finished","message":"n8n.node.finished","payload":{"workflowId":"j6Qk1T4zlUFiEved","workflowName":"Receive Messages","executionId":"18","nodeType":"n8n-nodes-base.httpRequest","nodeName":"Sync Github","nodeId":"0ac9e90c-3d97-4893-8b89-55766383329a"}}
{"__type":"$$EventMessageConfirm","confirm":"f956cf67-84e5-47bb-80d5-d0498faae296","ts":"2026-01-24T03:30:17.254-05:00","source":{"id":"0","name":"eventBus"}}
{"__type":"$$EventMessageNode","id":"95878473-2d20-45c3-9197-3cede1e241fe","ts":"2026-01-24T03:30:17.255-05:00","eventName":"n8n.node.started","message":"n8n.node.started","payload":{"workflowId":"j6Qk1T4zlUFiEved","workflowName":"Receive Messages","executionId":"18","nodeType":"n8n-nodes-base.splitInBatches","nodeName":"Loop Over Users","nodeId":"8a47a921-409b-4f92-8cd2-5efc68b30c39"}}
{"__type":"$$EventMessageConfirm","confirm":"95878473-2d20-45c3-9197-3cede1e241fe","ts":"2026-01-24T03:30:17.255-05:00","source":{"id":"0","name":"eventBus"}}
{"__type":"$$EventMessageNode","id":"8001447e-7428-4472-957f-bfaf50b072f3","ts":"2026-01-24T03:30:17.255-05:00","eventName":"n8n.node.finished","message":"n8n.node.finished","payload":{"workflowId":"j6Qk1T4zlUFiEved","workflowName":"Receive Messages","executionId":"18","nodeType":"n8n-nodes-base.splitInBatches","nodeName":"Loop Over Users","nodeId":"8a47a921-409b-4f92-8cd2-5efc68b30c39"}}
{"__type":"$$EventMessageConfirm","confirm":"8001447e-7428-4472-957f-bfaf50b072f3","ts":"2026-01-24T03:30:17.255-05:00","source":{"id":"0","name":"eventBus"}}
{"__type":"$$EventMessageWorkflow","id":"08ee4742-8651-415b-be48-1ad5594a4495","ts":"2026-01-24T03:30:17.255-05:00","eventName":"n8n.workflow.success","message":"n8n.workflow.success","payload":{"executionId":"18","success":true,"isManual":false,"workflowId":"j6Qk1T4zlUFiEved","workflowName":"Receive Messages"}}
{"__type":"$$EventMessageConfirm","confirm":"08ee4742-8651-415b-be48-1ad5594a4495","ts":"2026-01-24T03:30:17.255-05:00","source":{"id":"0","name":"eventBus"}}
{"__type":"$$EventMessageWorkflow","id":"3b3d96de-d3a5-43cc-b801-c29952545dc7","ts":"2026-01-24T03:30:46.401-05:00","eventName":"n8n.workflow.started","message":"n8n.workflow.started","payload":{"executionId":"19","workflowId":"j6Qk1T4zlUFiEved","isManual":false,"workflowName":"Receive Messages"}}
{"__type":"$$EventMessageConfirm","confirm":"3b3d96de-d3a5-43cc-b801-c29952545dc7","ts":"2026-01-24T03:30:46.401-05:00","source":{"id":"0","name":"eventBus"}}
{"__type":"$$EventMessageNode","id":"8d91e0cf-c82d-4434-ba9d-f1eefe6c180f","ts":"2026-01-24T03:30:46.401-05:00","eventName":"n8n.node.started","message":"n8n.node.started","payload":{"workflowId":"j6Qk1T4zlUFiEved","workflowName":"Receive Messages","executionId":"19","nodeType":"n8n-nodes-base.scheduleTrigger","nodeName":"Schedule Trigger1","nodeId":"94bcdee0-e335-46d1-a3ce-59a1068b8f6a"}}
{"__type":"$$EventMessageConfirm","confirm":"8d91e0cf-c82d-4434-ba9d-f1eefe6c180f","ts":"2026-01-24T03:30:46.401-05:00","source":{"id":"0","name":"eventBus"}}
{"__type":"$$EventMessageNode","id":"4ad9e171-5fef-4ef1-bd0d-dcd62107c4f2","ts":"2026-01-24T03:30:46.401-05:00","eventName":"n8n.node.finished","message":"n8n.node.finished","payload":{"workflowId":"j6Qk1T4zlUFiEved","workflowName":"Receive Messages","executionId":"19","nodeType":"n8n-nodes-base.scheduleTrigger","nodeName":"Schedule Trigger1","nodeId":"94bcdee0-e335-46d1-a3ce-59a1068b8f6a"}}
{"__type":"$$EventMessageConfirm","confirm":"4ad9e171-5fef-4ef1-bd0d-dcd62107c4f2","ts":"2026-01-24T03:30:46.401-05:00","source":{"id":"0","name":"eventBus"}}
{"__type":"$$EventMessageNode","id":"1052835d-61d4-493c-b4dd-6e81de10ee67","ts":"2026-01-24T03:30:46.401-05:00","eventName":"n8n.node.started","message":"n8n.node.started","payload":{"workflowId":"j6Qk1T4zlUFiEved","workflowName":"Receive Messages","executionId":"19","nodeType":"n8n-nodes-base.httpRequest","nodeName":"Get Unprocessed Messages","nodeId":"708a8f57-01f8-4a0b-bbcc-3cd42d39cb90"}}
{"__type":"$$EventMessageConfirm","confirm":"1052835d-61d4-493c-b4dd-6e81de10ee67","ts":"2026-01-24T03:30:46.401-05:00","source":{"id":"0","name":"eventBus"}}
{"__type":"$$EventMessageNode","id":"73ef96be-6336-4948-9a0b-550c5e9cf2d8","ts":"2026-01-24T03:30:47.558-05:00","eventName":"n8n.node.finished","message":"n8n.node.finished","payload":{"workflowId":"j6Qk1T4zlUFiEved","workflowName":"Receive Messages","executionId":"19","nodeType":"n8n-nodes-base.httpRequest","nodeName":"Get Unprocessed Messages","nodeId":"708a8f57-01f8-4a0b-bbcc-3cd42d39cb90"}}
{"__type":"$$EventMessageConfirm","confirm":"73ef96be-6336-4948-9a0b-550c5e9cf2d8","ts":"2026-01-24T03:30:47.558-05:00","source":{"id":"0","name":"eventBus"}}
{"__type":"$$EventMessageNode","id":"ce9e4ab6-47ef-431c-868f-5962cdf7454e","ts":"2026-01-24T03:30:47.558-05:00","eventName":"n8n.node.started","message":"n8n.node.started","payload":{"workflowId":"j6Qk1T4zlUFiEved","workflowName":"Receive Messages","executionId":"19","nodeType":"n8n-nodes-base.splitOut","nodeName":"Split Out1","nodeId":"62f90cc8-f2a9-402f-990b-a3df740db71d"}}
{"__type":"$$EventMessageConfirm","confirm":"ce9e4ab6-47ef-431c-868f-5962cdf7454e","ts":"2026-01-24T03:30:47.558-05:00","source":{"id":"0","name":"eventBus"}}
{"__type":"$$EventMessageNode","id":"2442bd45-8c37-4b4c-97a9-9a8d138a4d90","ts":"2026-01-24T03:30:47.558-05:00","eventName":"n8n.node.finished","message":"n8n.node.finished","payload":{"workflowId":"j6Qk1T4zlUFiEved","workflowName":"Receive Messages","executionId":"19","nodeType":"n8n-nodes-base.splitOut","nodeName":"Split Out1","nodeId":"62f90cc8-f2a9-402f-990b-a3df740db71d"}}
{"__type":"$$EventMessageConfirm","confirm":"2442bd45-8c37-4b4c-97a9-9a8d138a4d90","ts":"2026-01-24T03:30:47.558-05:00","source":{"id":"0","name":"eventBus"}}
{"__type":"$$EventMessageWorkflow","id":"d53859c8-f6f0-4dee-8a97-1469250b2fce","ts":"2026-01-24T03:30:47.559-05:00","eventName":"n8n.workflow.success","message":"n8n.workflow.success","payload":{"executionId":"19","success":true,"isManual":false,"workflowId":"j6Qk1T4zlUFiEved","workflowName":"Receive Messages"}}
{"__type":"$$EventMessageConfirm","confirm":"d53859c8-f6f0-4dee-8a97-1469250b2fce","ts":"2026-01-24T03:30:47.559-05:00","source":{"id":"0","name":"eventBus"}}
{"__type":"$$EventMessageWorkflow","id":"163cd4ca-a6e4-483d-9353-38a6d262a2d8","ts":"2026-01-24T03:40:13.514-05:00","eventName":"n8n.workflow.started","message":"n8n.workflow.started","payload":{"executionId":"20","workflowId":"j6Qk1T4zlUFiEved","isManual":false,"workflowName":"Receive Messages"}}
{"__type":"$$EventMessageConfirm","confirm":"163cd4ca-a6e4-483d-9353-38a6d262a2d8","ts":"2026-01-24T03:40:13.514-05:00","source":{"id":"0","name":"eventBus"}}
{"__type":"$$EventMessageNode","id":"e4403e03-b907-4377-b474-5f9f6e5d3f54","ts":"2026-01-24T03:40:13.514-05:00","eventName":"n8n.node.started","message":"n8n.node.started","payload":{"workflowId":"j6Qk1T4zlUFiEved","workflowName":"Receive Messages","executionId":"20","nodeType":"n8n-nodes-base.scheduleTrigger","nodeName":"Schedule Trigger","nodeId":"6fbaa2b2-f353-457c-8357-1a6c19553a23"}}
{"__type":"$$EventMessageConfirm","confirm":"e4403e03-b907-4377-b474-5f9f6e5d3f54","ts":"2026-01-24T03:40:13.514-05:00","source":{"id":"0","name":"eventBus"}}
{"__type":"$$EventMessageNode","id":"824c24cc-8d8c-48fd-9236-f51eb1dc3933","ts":"2026-01-24T03:40:13.514-05:00","eventName":"n8n.node.finished","message":"n8n.node.finished","payload":{"workflowId":"j6Qk1T4zlUFiEved","workflowName":"Receive Messages","executionId":"20","nodeType":"n8n-nodes-base.scheduleTrigger","nodeName":"Schedule Trigger","nodeId":"6fbaa2b2-f353-457c-8357-1a6c19553a23"}}
{"__type":"$$EventMessageConfirm","confirm":"824c24cc-8d8c-48fd-9236-f51eb1dc3933","ts":"2026-01-24T03:40:13.514-05:00","source":{"id":"0","name":"eventBus"}}
{"__type":"$$EventMessageNode","id":"e452c3af-bce6-4ae6-a395-47a6e566452f","ts":"2026-01-24T03:40:13.514-05:00","eventName":"n8n.node.started","message":"n8n.node.started","payload":{"workflowId":"j6Qk1T4zlUFiEved","workflowName":"Receive Messages","executionId":"20","nodeType":"n8n-nodes-base.httpRequest","nodeName":"Get Active Users","nodeId":"d2ff4145-dc9f-4aa5-b8fd-8563f9f4bf99"}}
{"__type":"$$EventMessageConfirm","confirm":"e452c3af-bce6-4ae6-a395-47a6e566452f","ts":"2026-01-24T03:40:13.514-05:00","source":{"id":"0","name":"eventBus"}}
{"__type":"$$EventMessageNode","id":"a22e5479-d98a-4115-aa89-02022dd00d92","ts":"2026-01-24T03:40:14.529-05:00","eventName":"n8n.node.finished","message":"n8n.node.finished","payload":{"workflowId":"j6Qk1T4zlUFiEved","workflowName":"Receive Messages","executionId":"20","nodeType":"n8n-nodes-base.httpRequest","nodeName":"Get Active Users","nodeId":"d2ff4145-dc9f-4aa5-b8fd-8563f9f4bf99"}}
{"__type":"$$EventMessageConfirm","confirm":"a22e5479-d98a-4115-aa89-02022dd00d92","ts":"2026-01-24T03:40:14.530-05:00","source":{"id":"0","name":"eventBus"}}
{"__type":"$$EventMessageNode","id":"fa4e891a-2c21-498e-91d8-acd7ea5a00f0","ts":"2026-01-24T03:40:14.530-05:00","eventName":"n8n.node.started","message":"n8n.node.started","payload":{"workflowId":"j6Qk1T4zlUFiEved","workflowName":"Receive Messages","executionId":"20","nodeType":"n8n-nodes-base.splitOut","nodeName":"Split Out","nodeId":"75076c82-3d74-4b97-b1a6-bcf6cfaea5ac"}}
{"__type":"$$EventMessageConfirm","confirm":"fa4e891a-2c21-498e-91d8-acd7ea5a00f0","ts":"2026-01-24T03:40:14.530-05:00","source":{"id":"0","name":"eventBus"}}
{"__type":"$$EventMessageNode","id":"3d47604d-de88-475e-b946-f1fc37fcd8a7","ts":"2026-01-24T03:40:14.530-05:00","eventName":"n8n.node.finished","message":"n8n.node.finished","payload":{"workflowId":"j6Qk1T4zlUFiEved","workflowName":"Receive Messages","executionId":"20","nodeType":"n8n-nodes-base.splitOut","nodeName":"Split Out","nodeId":"75076c82-3d74-4b97-b1a6-bcf6cfaea5ac"}}
{"__type":"$$EventMessageConfirm","confirm":"3d47604d-de88-475e-b946-f1fc37fcd8a7","ts":"2026-01-24T03:40:14.530-05:00","source":{"id":"0","name":"eventBus"}}
{"__type":"$$EventMessageNode","id":"a2405409-a118-47a7-b839-e253cf35fb58","ts":"2026-01-24T03:40:14.530-05:00","eventName":"n8n.node.started","message":"n8n.node.started","payload":{"workflowId":"j6Qk1T4zlUFiEved","workflowName":"Receive Messages","executionId":"20","nodeType":"n8n-nodes-base.splitInBatches","nodeName":"Loop Over Users","nodeId":"8a47a921-409b-4f92-8cd2-5efc68b30c39"}}
{"__type":"$$EventMessageConfirm","confirm":"a2405409-a118-47a7-b839-e253cf35fb58","ts":"2026-01-24T03:40:14.530-05:00","source":{"id":"0","name":"eventBus"}}
{"__type":"$$EventMessageNode","id":"a4c46f3c-9729-4c03-9d8d-8b0bb7170fd8","ts":"2026-01-24T03:40:14.530-05:00","eventName":"n8n.node.finished","message":"n8n.node.finished","payload":{"workflowId":"j6Qk1T4zlUFiEved","workflowName":"Receive Messages","executionId":"20","nodeType":"n8n-nodes-base.splitInBatches","nodeName":"Loop Over Users","nodeId":"8a47a921-409b-4f92-8cd2-5efc68b30c39"}}
{"__type":"$$EventMessageConfirm","confirm":"a4c46f3c-9729-4c03-9d8d-8b0bb7170fd8","ts":"2026-01-24T03:40:14.530-05:00","source":{"id":"0","name":"eventBus"}}
{"__type":"$$EventMessageNode","id":"b25c5822-4d8a-4072-8738-608fc8655bee","ts":"2026-01-24T03:40:14.530-05:00","eventName":"n8n.node.started","message":"n8n.node.started","payload":{"workflowId":"j6Qk1T4zlUFiEved","workflowName":"Receive Messages","executionId":"20","nodeType":"n8n-nodes-base.httpRequest","nodeName":"Sync Calendar","nodeId":"23d53504-ec00-4d1c-b306-dec14a933bdc"}}
{"__type":"$$EventMessageConfirm","confirm":"b25c5822-4d8a-4072-8738-608fc8655bee","ts":"2026-01-24T03:40:14.530-05:00","source":{"id":"0","name":"eventBus"}}
{"__type":"$$EventMessageNode","id":"b59f0ade-5d46-4f32-848f-12f06d0d295c","ts":"2026-01-24T03:40:15.261-05:00","eventName":"n8n.node.finished","message":"n8n.node.finished","payload":{"workflowId":"j6Qk1T4zlUFiEved","workflowName":"Receive Messages","executionId":"20","nodeType":"n8n-nodes-base.httpRequest","nodeName":"Sync Calendar","nodeId":"23d53504-ec00-4d1c-b306-dec14a933bdc"}}
{"__type":"$$EventMessageConfirm","confirm":"b59f0ade-5d46-4f32-848f-12f06d0d295c","ts":"2026-01-24T03:40:15.261-05:00","source":{"id":"0","name":"eventBus"}}
{"__type":"$$EventMessageNode","id":"55420e19-6052-485b-ab06-29ccf3b987a6","ts":"2026-01-24T03:40:15.261-05:00","eventName":"n8n.node.started","message":"n8n.node.started","payload":{"workflowId":"j6Qk1T4zlUFiEved","workflowName":"Receive Messages","executionId":"20","nodeType":"n8n-nodes-base.httpRequest","nodeName":"Sync Slack","nodeId":"09cf3d1a-e492-4db2-9b05-a06837120a22"}}
{"__type":"$$EventMessageConfirm","confirm":"55420e19-6052-485b-ab06-29ccf3b987a6","ts":"2026-01-24T03:40:15.261-05:00","source":{"id":"0","name":"eventBus"}}
{"__type":"$$EventMessageNode","id":"c0da4b01-03d9-4359-86f3-f4516c9a8392","ts":"2026-01-24T03:40:16.031-05:00","eventName":"n8n.node.finished","message":"n8n.node.finished","payload":{"workflowId":"j6Qk1T4zlUFiEved","workflowName":"Receive Messages","executionId":"20","nodeType":"n8n-nodes-base.httpRequest","nodeName":"Sync Slack","nodeId":"09cf3d1a-e492-4db2-9b05-a06837120a22"}}
{"__type":"$$EventMessageConfirm","confirm":"c0da4b01-03d9-4359-86f3-f4516c9a8392","ts":"2026-01-24T03:40:16.031-05:00","source":{"id":"0","name":"eventBus"}}
{"__type":"$$EventMessageNode","id":"bc975577-438b-4304-aad2-c852aadb7060","ts":"2026-01-24T03:40:16.031-05:00","eventName":"n8n.node.started","message":"n8n.node.started","payload":{"workflowId":"j6Qk1T4zlUFiEved","workflowName":"Receive Messages","executionId":"20","nodeType":"n8n-nodes-base.httpRequest","nodeName":"Sync Gmail","nodeId":"30152bcb-99d4-4e47-82d2-78438f89b7b9"}}
{"__type":"$$EventMessageConfirm","confirm":"bc975577-438b-4304-aad2-c852aadb7060","ts":"2026-01-24T03:40:16.031-05:00","source":{"id":"0","name":"eventBus"}}
{"__type":"$$EventMessageNode","id":"0ff269b0-9279-4eb6-8487-dc3205def49d","ts":"2026-01-24T03:40:16.826-05:00","eventName":"n8n.node.finished","message":"n8n.node.finished","payload":{"workflowId":"j6Qk1T4zlUFiEved","workflowName":"Receive Messages","executionId":"20","nodeType":"n8n-nodes-base.httpRequest","nodeName":"Sync Gmail","nodeId":"30152bcb-99d4-4e47-82d2-78438f89b7b9"}}
{"__type":"$$EventMessageConfirm","confirm":"0ff269b0-9279-4eb6-8487-dc3205def49d","ts":"2026-01-24T03:40:16.826-05:00","source":{"id":"0","name":"eventBus"}}
{"__type":"$$EventMessageNode","id":"70c65463-1d57-4974-aa67-02af30ccad99","ts":"2026-01-24T03:40:16.826-05:00","eventName":"n8n.node.started","message":"n8n.node.started","payload":{"workflowId":"j6Qk1T4zlUFiEved","workflowName":"Receive Messages","executionId":"20","nodeType":"n8n-nodes-base.httpRequest","nodeName":"Sync Github","nodeId":"0ac9e90c-3d97-4893-8b89-55766383329a"}}
{"__type":"$$EventMessageConfirm","confirm":"70c65463-1d57-4974-aa67-02af30ccad99","ts":"2026-01-24T03:40:16.826-05:00","source":{"id":"0","name":"eventBus"}}
{"__type":"$$EventMessageNode","id":"756f1ba4-a94c-487c-a13c-4fe65fa27d47","ts":"2026-01-24T03:40:17.509-05:00","eventName":"n8n.node.finished","message":"n8n.node.finished","payload":{"workflowId":"j6Qk1T4zlUFiEved","workflowName":"Receive Messages","executionId":"20","nodeType":"n8n-nodes-base.httpRequest","nodeName":"Sync Github","nodeId":"0ac9e90c-3d97-4893-8b89-55766383329a"}}
{"__type":"$$EventMessageConfirm","confirm":"756f1ba4-a94c-487c-a13c-4fe65fa27d47","ts":"2026-01-24T03:40:17.510-05:00","source":{"id":"0","name":"eventBus"}}
{"__type":"$$EventMessageNode","id":"bcc75428-a696-40e6-a90c-df629685d429","ts":"2026-01-24T03:40:17.510-05:00","eventName":"n8n.node.started","message":"n8n.node.started","payload":{"workflowId":"j6Qk1T4zlUFiEved","workflowName":"Receive Messages","executionId":"20","nodeType":"n8n-nodes-base.splitInBatches","nodeName":"Loop Over Users","nodeId":"8a47a921-409b-4f92-8cd2-5efc68b30c39"}}
{"__type":"$$EventMessageConfirm","confirm":"bcc75428-a696-40e6-a90c-df629685d429","ts":"2026-01-24T03:40:17.510-05:00","source":{"id":"0","name":"eventBus"}}
{"__type":"$$EventMessageNode","id":"d78bfcbf-40c9-40de-9c1a-88409ffeed00","ts":"2026-01-24T03:40:17.510-05:00","eventName":"n8n.node.finished","message":"n8n.node.finished","payload":{"workflowId":"j6Qk1T4zlUFiEved","workflowName":"Receive Messages","executionId":"20","nodeType":"n8n-nodes-base.splitInBatches","nodeName":"Loop Over Users","nodeId":"8a47a921-409b-4f92-8cd2-5efc68b30c39"}}
{"__type":"$$EventMessageConfirm","confirm":"d78bfcbf-40c9-40de-9c1a-88409ffeed00","ts":"2026-01-24T03:40:17.510-05:00","source":{"id":"0","name":"eventBus"}}
{"__type":"$$EventMessageWorkflow","id":"483b2451-ab42-47c3-a523-fd846cb8bec6","ts":"2026-01-24T03:40:17.510-05:00","eventName":"n8n.workflow.success","message":"n8n.workflow.success","payload":{"executionId":"20","success":true,"isManual":false,"workflowId":"j6Qk1T4zlUFiEved","workflowName":"Receive Messages"}}
{"__type":"$$EventMessageConfirm","confirm":"483b2451-ab42-47c3-a523-fd846cb8bec6","ts":"2026-01-24T03:40:17.510-05:00","source":{"id":"0","name":"eventBus"}}
{"__type":"$$EventMessageWorkflow","id":"e8312c4d-9ee1-4ffb-ac1a-b63de83e5eb2","ts":"2026-01-24T03:40:46.206-05:00","eventName":"n8n.workflow.started","message":"n8n.workflow.started","payload":{"executionId":"21","workflowId":"j6Qk1T4zlUFiEved","isManual":false,"workflowName":"Receive Messages"}}
{"__type":"$$EventMessageConfirm","confirm":"e8312c4d-9ee1-4ffb-ac1a-b63de83e5eb2","ts":"2026-01-24T03:40:46.206-05:00","source":{"id":"0","name":"eventBus"}}
{"__type":"$$EventMessageNode","id":"aa527e5b-3d87-4c40-b656-4d92224405b3","ts":"2026-01-24T03:40:46.206-05:00","eventName":"n8n.node.started","message":"n8n.node.started","payload":{"workflowId":"j6Qk1T4zlUFiEved","workflowName":"Receive Messages","executionId":"21","nodeType":"n8n-nodes-base.scheduleTrigger","nodeName":"Schedule Trigger1","nodeId":"94bcdee0-e335-46d1-a3ce-59a1068b8f6a"}}
{"__type":"$$EventMessageConfirm","confirm":"aa527e5b-3d87-4c40-b656-4d92224405b3","ts":"2026-01-24T03:40:46.206-05:00","source":{"id":"0","name":"eventBus"}}
{"__type":"$$EventMessageNode","id":"93aafbfa-0787-4aff-a0dc-3a97f8561c35","ts":"2026-01-24T03:40:46.207-05:00","eventName":"n8n.node.finished","message":"n8n.node.finished","payload":{"workflowId":"j6Qk1T4zlUFiEved","workflowName":"Receive Messages","executionId":"21","nodeType":"n8n-nodes-base.scheduleTrigger","nodeName":"Schedule Trigger1","nodeId":"94bcdee0-e335-46d1-a3ce-59a1068b8f6a"}}
{"__type":"$$EventMessageConfirm","confirm":"93aafbfa-0787-4aff-a0dc-3a97f8561c35","ts":"2026-01-24T03:40:46.207-05:00","source":{"id":"0","name":"eventBus"}}
{"__type":"$$EventMessageNode","id":"9525e0d6-1a87-4df3-9902-7bd38d46b2fa","ts":"2026-01-24T03:40:46.207-05:00","eventName":"n8n.node.started","message":"n8n.node.started","payload":{"workflowId":"j6Qk1T4zlUFiEved","workflowName":"Receive Messages","executionId":"21","nodeType":"n8n-nodes-base.httpRequest","nodeName":"Get Unprocessed Messages","nodeId":"708a8f57-01f8-4a0b-bbcc-3cd42d39cb90"}}
{"__type":"$$EventMessageConfirm","confirm":"9525e0d6-1a87-4df3-9902-7bd38d46b2fa","ts":"2026-01-24T03:40:46.207-05:00","source":{"id":"0","name":"eventBus"}}
{"__type":"$$EventMessageNode","id":"0dd68f69-eaad-4c24-8bd3-562539ccb388","ts":"2026-01-24T03:40:52.756-05:00","eventName":"n8n.node.finished","message":"n8n.node.finished","payload":{"workflowId":"j6Qk1T4zlUFiEved","workflowName":"Receive Messages","executionId":"21","nodeType":"n8n-nodes-base.httpRequest","nodeName":"Get Unprocessed Messages","nodeId":"708a8f57-01f8-4a0b-bbcc-3cd42d39cb90"}}
{"__type":"$$EventMessageConfirm","confirm":"0dd68f69-eaad-4c24-8bd3-562539ccb388","ts":"2026-01-24T03:40:52.756-05:00","source":{"id":"0","name":"eventBus"}}
{"__type":"$$EventMessageNode","id":"131235ff-8631-4e22-b2b9-cfbb14dc0c2a","ts":"2026-01-24T03:40:52.756-05:00","eventName":"n8n.node.started","message":"n8n.node.started","payload":{"workflowId":"j6Qk1T4zlUFiEved","workflowName":"Receive Messages","executionId":"21","nodeType":"n8n-nodes-base.splitOut","nodeName":"Split Out1","nodeId":"62f90cc8-f2a9-402f-990b-a3df740db71d"}}
{"__type":"$$EventMessageConfirm","confirm":"131235ff-8631-4e22-b2b9-cfbb14dc0c2a","ts":"2026-01-24T03:40:52.756-05:00","source":{"id":"0","name":"eventBus"}}
{"__type":"$$EventMessageNode","id":"eb7a7caf-f687-4563-a8a3-11d5a0763109","ts":"2026-01-24T03:40:52.757-05:00","eventName":"n8n.node.finished","message":"n8n.node.finished","payload":{"workflowId":"j6Qk1T4zlUFiEved","workflowName":"Receive Messages","executionId":"21","nodeType":"n8n-nodes-base.splitOut","nodeName":"Split Out1","nodeId":"62f90cc8-f2a9-402f-990b-a3df740db71d"}}
{"__type":"$$EventMessageConfirm","confirm":"eb7a7caf-f687-4563-a8a3-11d5a0763109","ts":"2026-01-24T03:40:52.757-05:00","source":{"id":"0","name":"eventBus"}}
{"__type":"$$EventMessageWorkflow","id":"78035340-a770-4a10-9685-0f73184a159d","ts":"2026-01-24T03:40:52.757-05:00","eventName":"n8n.workflow.success","message":"n8n.workflow.success","payload":{"executionId":"21","success":true,"isManual":false,"workflowId":"j6Qk1T4zlUFiEved","workflowName":"Receive Messages"}}
{"__type":"$$EventMessageConfirm","confirm":"78035340-a770-4a10-9685-0f73184a159d","ts":"2026-01-24T03:40:52.757-05:00","source":{"id":"0","name":"eventBus"}}
{"__type":"$$EventMessageWorkflow","id":"6502beb5-b99a-4692-bc8c-0e49aa202924","ts":"2026-01-24T03:50:13.846-05:00","eventName":"n8n.workflow.started","message":"n8n.workflow.started","payload":{"executionId":"22","workflowId":"j6Qk1T4zlUFiEved","isManual":false,"workflowName":"Receive Messages"}}
{"__type":"$$EventMessageConfirm","confirm":"6502beb5-b99a-4692-bc8c-0e49aa202924","ts":"2026-01-24T03:50:13.846-05:00","source":{"id":"0","name":"eventBus"}}
{"__type":"$$EventMessageNode","id":"e0afff5e-3036-40d5-a778-d88ccafa9ac2","ts":"2026-01-24T03:50:13.846-05:00","eventName":"n8n.node.started","message":"n8n.node.started","payload":{"workflowId":"j6Qk1T4zlUFiEved","workflowName":"Receive Messages","executionId":"22","nodeType":"n8n-nodes-base.scheduleTrigger","nodeName":"Schedule Trigger","nodeId":"6fbaa2b2-f353-457c-8357-1a6c19553a23"}}
{"__type":"$$EventMessageConfirm","confirm":"e0afff5e-3036-40d5-a778-d88ccafa9ac2","ts":"2026-01-24T03:50:13.846-05:00","source":{"id":"0","name":"eventBus"}}
{"__type":"$$EventMessageNode","id":"fbad23c6-6b31-461f-b5d5-1400f6fe7e96","ts":"2026-01-24T03:50:13.846-05:00","eventName":"n8n.node.finished","message":"n8n.node.finished","payload":{"workflowId":"j6Qk1T4zlUFiEved","workflowName":"Receive Messages","executionId":"22","nodeType":"n8n-nodes-base.scheduleTrigger","nodeName":"Schedule Trigger","nodeId":"6fbaa2b2-f353-457c-8357-1a6c19553a23"}}
{"__type":"$$EventMessageConfirm","confirm":"fbad23c6-6b31-461f-b5d5-1400f6fe7e96","ts":"2026-01-24T03:50:13.846-05:00","source":{"id":"0","name":"eventBus"}}
{"__type":"$$EventMessageNode","id":"2cacfd9e-04f9-420c-b3fb-17b83c13f827","ts":"2026-01-24T03:50:13.846-05:00","eventName":"n8n.node.started","message":"n8n.node.started","payload":{"workflowId":"j6Qk1T4zlUFiEved","workflowName":"Receive Messages","executionId":"22","nodeType":"n8n-nodes-base.httpRequest","nodeName":"Get Active Users","nodeId":"d2ff4145-dc9f-4aa5-b8fd-8563f9f4bf99"}}
{"__type":"$$EventMessageConfirm","confirm":"2cacfd9e-04f9-420c-b3fb-17b83c13f827","ts":"2026-01-24T03:50:13.846-05:00","source":{"id":"0","name":"eventBus"}}
{"__type":"$$EventMessageNode","id":"879f6986-f08c-4de3-9368-495740a05406","ts":"2026-01-24T03:50:15.093-05:00","eventName":"n8n.node.finished","message":"n8n.node.finished","payload":{"workflowId":"j6Qk1T4zlUFiEved","workflowName":"Receive Messages","executionId":"22","nodeType":"n8n-nodes-base.httpRequest","nodeName":"Get Active Users","nodeId":"d2ff4145-dc9f-4aa5-b8fd-8563f9f4bf99"}}
{"__type":"$$EventMessageConfirm","confirm":"879f6986-f08c-4de3-9368-495740a05406","ts":"2026-01-24T03:50:15.093-05:00","source":{"id":"0","name":"eventBus"}}
{"__type":"$$EventMessageNode","id":"195008da-b2ef-437f-9cc5-7da4b25c7379","ts":"2026-01-24T03:50:15.094-05:00","eventName":"n8n.node.started","message":"n8n.node.started","payload":{"workflowId":"j6Qk1T4zlUFiEved","workflowName":"Receive Messages","executionId":"22","nodeType":"n8n-nodes-base.splitOut","nodeName":"Split Out","nodeId":"75076c82-3d74-4b97-b1a6-bcf6cfaea5ac"}}
{"__type":"$$EventMessageConfirm","confirm":"195008da-b2ef-437f-9cc5-7da4b25c7379","ts":"2026-01-24T03:50:15.094-05:00","source":{"id":"0","name":"eventBus"}}
{"__type":"$$EventMessageNode","id":"b15d9351-41ab-47e4-9c81-325563492afe","ts":"2026-01-24T03:50:15.094-05:00","eventName":"n8n.node.finished","message":"n8n.node.finished","payload":{"workflowId":"j6Qk1T4zlUFiEved","workflowName":"Receive Messages","executionId":"22","nodeType":"n8n-nodes-base.splitOut","nodeName":"Split Out","nodeId":"75076c82-3d74-4b97-b1a6-bcf6cfaea5ac"}}
{"__type":"$$EventMessageConfirm","confirm":"b15d9351-41ab-47e4-9c81-325563492afe","ts":"2026-01-24T03:50:15.094-05:00","source":{"id":"0","name":"eventBus"}}
{"__type":"$$EventMessageNode","id":"752bebf4-7f70-40ee-9d23-9e9754bc6b30","ts":"2026-01-24T03:50:15.094-05:00","eventName":"n8n.node.started","message":"n8n.node.started","payload":{"workflowId":"j6Qk1T4zlUFiEved","workflowName":"Receive Messages","executionId":"22","nodeType":"n8n-nodes-base.splitInBatches","nodeName":"Loop Over Users","nodeId":"8a47a921-409b-4f92-8cd2-5efc68b30c39"}}
{"__type":"$$EventMessageConfirm","confirm":"752bebf4-7f70-40ee-9d23-9e9754bc6b30","ts":"2026-01-24T03:50:15.094-05:00","source":{"id":"0","name":"eventBus"}}
{"__type":"$$EventMessageNode","id":"c47cbd9e-9f97-492f-b637-0737a54cf7e2","ts":"2026-01-24T03:50:15.094-05:00","eventName":"n8n.node.finished","message":"n8n.node.finished","payload":{"workflowId":"j6Qk1T4zlUFiEved","workflowName":"Receive Messages","executionId":"22","nodeType":"n8n-nodes-base.splitInBatches","nodeName":"Loop Over Users","nodeId":"8a47a921-409b-4f92-8cd2-5efc68b30c39"}}
{"__type":"$$EventMessageConfirm","confirm":"c47cbd9e-9f97-492f-b637-0737a54cf7e2","ts":"2026-01-24T03:50:15.094-05:00","source":{"id":"0","name":"eventBus"}}
{"__type":"$$EventMessageNode","id":"cf81be4f-f902-4a49-9436-b871f9a04f46","ts":"2026-01-24T03:50:15.094-05:00","eventName":"n8n.node.started","message":"n8n.node.started","payload":{"workflowId":"j6Qk1T4zlUFiEved","workflowName":"Receive Messages","executionId":"22","nodeType":"n8n-nodes-base.httpRequest","nodeName":"Sync Calendar","nodeId":"23d53504-ec00-4d1c-b306-dec14a933bdc"}}
{"__type":"$$EventMessageConfirm","confirm":"cf81be4f-f902-4a49-9436-b871f9a04f46","ts":"2026-01-24T03:50:15.094-05:00","source":{"id":"0","name":"eventBus"}}
{"__type":"$$EventMessageNode","id":"80e46693-56bf-4b56-920c-63c9d5baf4ea","ts":"2026-01-24T03:50:15.933-05:00","eventName":"n8n.node.finished","message":"n8n.node.finished","payload":{"workflowId":"j6Qk1T4zlUFiEved","workflowName":"Receive Messages","executionId":"22","nodeType":"n8n-nodes-base.httpRequest","nodeName":"Sync Calendar","nodeId":"23d53504-ec00-4d1c-b306-dec14a933bdc"}}
{"__type":"$$EventMessageConfirm","confirm":"80e46693-56bf-4b56-920c-63c9d5baf4ea","ts":"2026-01-24T03:50:15.933-05:00","source":{"id":"0","name":"eventBus"}}
{"__type":"$$EventMessageNode","id":"c7c7f03a-3137-4bc9-9dca-d55143f9ae2c","ts":"2026-01-24T03:50:15.933-05:00","eventName":"n8n.node.started","message":"n8n.node.started","payload":{"workflowId":"j6Qk1T4zlUFiEved","workflowName":"Receive Messages","executionId":"22","nodeType":"n8n-nodes-base.httpRequest","nodeName":"Sync Slack","nodeId":"09cf3d1a-e492-4db2-9b05-a06837120a22"}}
{"__type":"$$EventMessageConfirm","confirm":"c7c7f03a-3137-4bc9-9dca-d55143f9ae2c","ts":"2026-01-24T03:50:15.933-05:00","source":{"id":"0","name":"eventBus"}}
{"__type":"$$EventMessageNode","id":"77287635-adbd-4192-996e-8ae86a1cd7b9","ts":"2026-01-24T03:50:16.686-05:00","eventName":"n8n.node.finished","message":"n8n.node.finished","payload":{"workflowId":"j6Qk1T4zlUFiEved","workflowName":"Receive Messages","executionId":"22","nodeType":"n8n-nodes-base.httpRequest","nodeName":"Sync Slack","nodeId":"09cf3d1a-e492-4db2-9b05-a06837120a22"}}
{"__type":"$$EventMessageConfirm","confirm":"77287635-adbd-4192-996e-8ae86a1cd7b9","ts":"2026-01-24T03:50:16.686-05:00","source":{"id":"0","name":"eventBus"}}
{"__type":"$$EventMessageNode","id":"9a1ccb11-12cc-44c2-adbc-dd14b06f5018","ts":"2026-01-24T03:50:16.686-05:00","eventName":"n8n.node.started","message":"n8n.node.started","payload":{"workflowId":"j6Qk1T4zlUFiEved","workflowName":"Receive Messages","executionId":"22","nodeType":"n8n-nodes-base.httpRequest","nodeName":"Sync Gmail","nodeId":"30152bcb-99d4-4e47-82d2-78438f89b7b9"}}
{"__type":"$$EventMessageConfirm","confirm":"9a1ccb11-12cc-44c2-adbc-dd14b06f5018","ts":"2026-01-24T03:50:16.686-05:00","source":{"id":"0","name":"eventBus"}}
{"__type":"$$EventMessageNode","id":"3312cfb5-14e0-4eb5-a596-2334d87ae05a","ts":"2026-01-24T03:50:17.447-05:00","eventName":"n8n.node.finished","message":"n8n.node.finished","payload":{"workflowId":"j6Qk1T4zlUFiEved","workflowName":"Receive Messages","executionId":"22","nodeType":"n8n-nodes-base.httpRequest","nodeName":"Sync Gmail","nodeId":"30152bcb-99d4-4e47-82d2-78438f89b7b9"}}
{"__type":"$$EventMessageConfirm","confirm":"3312cfb5-14e0-4eb5-a596-2334d87ae05a","ts":"2026-01-24T03:50:17.447-05:00","source":{"id":"0","name":"eventBus"}}
{"__type":"$$EventMessageNode","id":"2871237c-ffda-4aca-b9d6-8714a4946229","ts":"2026-01-24T03:50:17.448-05:00","eventName":"n8n.node.started","message":"n8n.node.started","payload":{"workflowId":"j6Qk1T4zlUFiEved","workflowName":"Receive Messages","executionId":"22","nodeType":"n8n-nodes-base.httpRequest","nodeName":"Sync Github","nodeId":"0ac9e90c-3d97-4893-8b89-55766383329a"}}
{"__type":"$$EventMessageConfirm","confirm":"2871237c-ffda-4aca-b9d6-8714a4946229","ts":"2026-01-24T03:50:17.448-05:00","source":{"id":"0","name":"eventBus"}}
{"__type":"$$EventMessageNode","id":"c085681f-7491-42ff-adf7-e9bd7ab95788","ts":"2026-01-24T03:50:18.183-05:00","eventName":"n8n.node.finished","message":"n8n.node.finished","payload":{"workflowId":"j6Qk1T4zlUFiEved","workflowName":"Receive Messages","executionId":"22","nodeType":"n8n-nodes-base.httpRequest","nodeName":"Sync Github","nodeId":"0ac9e90c-3d97-4893-8b89-55766383329a"}}
{"__type":"$$EventMessageConfirm","confirm":"c085681f-7491-42ff-adf7-e9bd7ab95788","ts":"2026-01-24T03:50:18.183-05:00","source":{"id":"0","name":"eventBus"}}
{"__type":"$$EventMessageNode","id":"fe20550e-9f88-4770-bbad-421b96bddde3","ts":"2026-01-24T03:50:18.183-05:00","eventName":"n8n.node.started","message":"n8n.node.started","payload":{"workflowId":"j6Qk1T4zlUFiEved","workflowName":"Receive Messages","executionId":"22","nodeType":"n8n-nodes-base.splitInBatches","nodeName":"Loop Over Users","nodeId":"8a47a921-409b-4f92-8cd2-5efc68b30c39"}}
{"__type":"$$EventMessageConfirm","confirm":"fe20550e-9f88-4770-bbad-421b96bddde3","ts":"2026-01-24T03:50:18.183-05:00","source":{"id":"0","name":"eventBus"}}
{"__type":"$$EventMessageNode","id":"0e3a3cce-db31-4727-86b8-4579490dcb2b","ts":"2026-01-24T03:50:18.183-05:00","eventName":"n8n.node.finished","message":"n8n.node.finished","payload":{"workflowId":"j6Qk1T4zlUFiEved","workflowName":"Receive Messages","executionId":"22","nodeType":"n8n-nodes-base.splitInBatches","nodeName":"Loop Over Users","nodeId":"8a47a921-409b-4f92-8cd2-5efc68b30c39"}}
{"__type":"$$EventMessageConfirm","confirm":"0e3a3cce-db31-4727-86b8-4579490dcb2b","ts":"2026-01-24T03:50:18.183-05:00","source":{"id":"0","name":"eventBus"}}
{"__type":"$$EventMessageWorkflow","id":"b6fc8378-1023-4b72-a97b-7f52ee24d6d8","ts":"2026-01-24T03:50:18.184-05:00","eventName":"n8n.workflow.success","message":"n8n.workflow.success","payload":{"executionId":"22","success":true,"isManual":false,"workflowId":"j6Qk1T4zlUFiEved","workflowName":"Receive Messages"}}
{"__type":"$$EventMessageConfirm","confirm":"b6fc8378-1023-4b72-a97b-7f52ee24d6d8","ts":"2026-01-24T03:50:18.184-05:00","source":{"id":"0","name":"eventBus"}}
{"__type":"$$EventMessageWorkflow","id":"e2dee7e7-8d62-4273-9804-20409a77f46c","ts":"2026-01-24T03:50:46.385-05:00","eventName":"n8n.workflow.started","message":"n8n.workflow.started","payload":{"executionId":"23","workflowId":"j6Qk1T4zlUFiEved","isManual":false,"workflowName":"Receive Messages"}}
{"__type":"$$EventMessageConfirm","confirm":"e2dee7e7-8d62-4273-9804-20409a77f46c","ts":"2026-01-24T03:50:46.385-05:00","source":{"id":"0","name":"eventBus"}}
{"__type":"$$EventMessageNode","id":"8ef324ad-d136-4289-af3c-d956279c06b7","ts":"2026-01-24T03:50:46.385-05:00","eventName":"n8n.node.started","message":"n8n.node.started","payload":{"workflowId":"j6Qk1T4zlUFiEved","workflowName":"Receive Messages","executionId":"23","nodeType":"n8n-nodes-base.scheduleTrigger","nodeName":"Schedule Trigger1","nodeId":"94bcdee0-e335-46d1-a3ce-59a1068b8f6a"}}
{"__type":"$$EventMessageConfirm","confirm":"8ef324ad-d136-4289-af3c-d956279c06b7","ts":"2026-01-24T03:50:46.385-05:00","source":{"id":"0","name":"eventBus"}}
{"__type":"$$EventMessageNode","id":"1251920a-eb54-4906-9381-ffa61ad8e4de","ts":"2026-01-24T03:50:46.385-05:00","eventName":"n8n.node.finished","message":"n8n.node.finished","payload":{"workflowId":"j6Qk1T4zlUFiEved","workflowName":"Receive Messages","executionId":"23","nodeType":"n8n-nodes-base.scheduleTrigger","nodeName":"Schedule Trigger1","nodeId":"94bcdee0-e335-46d1-a3ce-59a1068b8f6a"}}
{"__type":"$$EventMessageConfirm","confirm":"1251920a-eb54-4906-9381-ffa61ad8e4de","ts":"2026-01-24T03:50:46.385-05:00","source":{"id":"0","name":"eventBus"}}
{"__type":"$$EventMessageNode","id":"2bbd943d-a874-4ef1-9e91-e8e285e5407f","ts":"2026-01-24T03:50:46.385-05:00","eventName":"n8n.node.started","message":"n8n.node.started","payload":{"workflowId":"j6Qk1T4zlUFiEved","workflowName":"Receive Messages","executionId":"23","nodeType":"n8n-nodes-base.httpRequest","nodeName":"Get Unprocessed Messages","nodeId":"708a8f57-01f8-4a0b-bbcc-3cd42d39cb90"}}
{"__type":"$$EventMessageConfirm","confirm":"2bbd943d-a874-4ef1-9e91-e8e285e5407f","ts":"2026-01-24T03:50:46.385-05:00","source":{"id":"0","name":"eventBus"}}
{"__type":"$$EventMessageNode","id":"e703d237-579b-4971-9a85-25e408b01cda","ts":"2026-01-24T03:50:47.497-05:00","eventName":"n8n.node.finished","message":"n8n.node.finished","payload":{"workflowId":"j6Qk1T4zlUFiEved","workflowName":"Receive Messages","executionId":"23","nodeType":"n8n-nodes-base.httpRequest","nodeName":"Get Unprocessed Messages","nodeId":"708a8f57-01f8-4a0b-bbcc-3cd42d39cb90"}}
{"__type":"$$EventMessageConfirm","confirm":"e703d237-579b-4971-9a85-25e408b01cda","ts":"2026-01-24T03:50:47.498-05:00","source":{"id":"0","name":"eventBus"}}
{"__type":"$$EventMessageNode","id":"eed9d75a-9e15-401c-87a6-69ceca0ccef7","ts":"2026-01-24T03:50:47.498-05:00","eventName":"n8n.node.started","message":"n8n.node.started","payload":{"workflowId":"j6Qk1T4zlUFiEved","workflowName":"Receive Messages","executionId":"23","nodeType":"n8n-nodes-base.splitOut","nodeName":"Split Out1","nodeId":"62f90cc8-f2a9-402f-990b-a3df740db71d"}}
{"__type":"$$EventMessageConfirm","confirm":"eed9d75a-9e15-401c-87a6-69ceca0ccef7","ts":"2026-01-24T03:50:47.498-05:00","source":{"id":"0","name":"eventBus"}}
{"__type":"$$EventMessageNode","id":"1ffdb5f1-8b61-49ac-ade7-a44f1ed0ffbb","ts":"2026-01-24T03:50:47.498-05:00","eventName":"n8n.node.finished","message":"n8n.node.finished","payload":{"workflowId":"j6Qk1T4zlUFiEved","workflowName":"Receive Messages","executionId":"23","nodeType":"n8n-nodes-base.splitOut","nodeName":"Split Out1","nodeId":"62f90cc8-f2a9-402f-990b-a3df740db71d"}}
{"__type":"$$EventMessageConfirm","confirm":"1ffdb5f1-8b61-49ac-ade7-a44f1ed0ffbb","ts":"2026-01-24T03:50:47.498-05:00","source":{"id":"0","name":"eventBus"}}
{"__type":"$$EventMessageWorkflow","id":"7a03cbe1-88d1-4de0-a77a-4be0b56dd02f","ts":"2026-01-24T03:50:47.498-05:00","eventName":"n8n.workflow.success","message":"n8n.workflow.success","payload":{"executionId":"23","success":true,"isManual":false,"workflowId":"j6Qk1T4zlUFiEved","workflowName":"Receive Messages"}}
{"__type":"$$EventMessageConfirm","confirm":"7a03cbe1-88d1-4de0-a77a-4be0b56dd02f","ts":"2026-01-24T03:50:47.498-05:00","source":{"id":"0","name":"eventBus"}}
